<?xml version="1.0" encoding="UTF-8"?>
<testng-results ignored="0" total="12" passed="8" failed="4" skipped="0">
  <reporter-output>
  </reporter-output>
  <suite started-at="2025-01-29T17:38:49 IST" name="LT_Selenium" finished-at="2025-01-29T17:41:43 IST" duration-ms="174095">
    <groups>
    </groups>
    <test started-at="2025-01-29T17:38:49 IST" name="Edge on macOS Ventura" finished-at="2025-01-29T17:40:30 IST" duration-ms="101039">
      <class name="seleniumPKG.mac_Edge_Selenium">
        <test-method is-config="true" signature="setUp(java.lang.String,java.lang.String,java.lang.String,java.lang.String)[pri:0, instance:seleniumPKG.mac_Edge_Selenium@7817fd62]" started-at="2025-01-29T17:38:49 IST" name="setUp" finished-at="2025-01-29T17:39:25 IST" duration-ms="35684" status="PASS">
          <params>
            <param index="0">
              <value>
                <![CDATA[127.0]]>
              </value>
            </param>
            <param index="1">
              <value>
                <![CDATA[macOS Ventura]]>
              </value>
            </param>
            <param index="2">
              <value>
                <![CDATA[pankaj.khade1012]]>
              </value>
            </param>
            <param index="3">
              <value>
                <![CDATA[J5StZCYr5nCJGQoqNJ6PEskJTQcN8SbCaePX1KyuVp7xmlfaOf]]>
              </value>
            </param>
          </params>
          <reporter-output>
          </reporter-output>
        </test-method> <!-- setUp -->
        <test-method signature="testSimpleFormDemo()[pri:1, instance:seleniumPKG.mac_Edge_Selenium@7817fd62]" started-at="2025-01-29T17:39:25 IST" name="testSimpleFormDemo" finished-at="2025-01-29T17:39:29 IST" duration-ms="4038" status="PASS">
          <reporter-output>
          </reporter-output>
        </test-method> <!-- testSimpleFormDemo -->
        <test-method is-config="true" signature="tearDown()[pri:0, instance:seleniumPKG.mac_Edge_Selenium@7817fd62]" started-at="2025-01-29T17:39:29 IST" name="tearDown" finished-at="2025-01-29T17:39:29 IST" duration-ms="149" status="PASS">
          <reporter-output>
          </reporter-output>
        </test-method> <!-- tearDown -->
        <test-method is-config="true" signature="setUp(java.lang.String,java.lang.String,java.lang.String,java.lang.String)[pri:0, instance:seleniumPKG.mac_Edge_Selenium@7817fd62]" started-at="2025-01-29T17:39:29 IST" name="setUp" finished-at="2025-01-29T17:39:54 IST" duration-ms="25314" status="PASS">
          <params>
            <param index="0">
              <value>
                <![CDATA[127.0]]>
              </value>
            </param>
            <param index="1">
              <value>
                <![CDATA[macOS Ventura]]>
              </value>
            </param>
            <param index="2">
              <value>
                <![CDATA[pankaj.khade1012]]>
              </value>
            </param>
            <param index="3">
              <value>
                <![CDATA[J5StZCYr5nCJGQoqNJ6PEskJTQcN8SbCaePX1KyuVp7xmlfaOf]]>
              </value>
            </param>
          </params>
          <reporter-output>
          </reporter-output>
        </test-method> <!-- setUp -->
        <test-method signature="testDragAndDropSlider()[pri:2, instance:seleniumPKG.mac_Edge_Selenium@7817fd62]" started-at="2025-01-29T17:39:54 IST" name="testDragAndDropSlider" finished-at="2025-01-29T17:39:59 IST" duration-ms="4208" status="PASS">
          <reporter-output>
          </reporter-output>
        </test-method> <!-- testDragAndDropSlider -->
        <test-method is-config="true" signature="tearDown()[pri:0, instance:seleniumPKG.mac_Edge_Selenium@7817fd62]" started-at="2025-01-29T17:39:59 IST" name="tearDown" finished-at="2025-01-29T17:39:59 IST" duration-ms="85" status="PASS">
          <reporter-output>
          </reporter-output>
        </test-method> <!-- tearDown -->
        <test-method is-config="true" signature="setUp(java.lang.String,java.lang.String,java.lang.String,java.lang.String)[pri:0, instance:seleniumPKG.mac_Edge_Selenium@7817fd62]" started-at="2025-01-29T17:39:59 IST" name="setUp" finished-at="2025-01-29T17:40:26 IST" duration-ms="27115" status="PASS">
          <params>
            <param index="0">
              <value>
                <![CDATA[127.0]]>
              </value>
            </param>
            <param index="1">
              <value>
                <![CDATA[macOS Ventura]]>
              </value>
            </param>
            <param index="2">
              <value>
                <![CDATA[pankaj.khade1012]]>
              </value>
            </param>
            <param index="3">
              <value>
                <![CDATA[J5StZCYr5nCJGQoqNJ6PEskJTQcN8SbCaePX1KyuVp7xmlfaOf]]>
              </value>
            </param>
          </params>
          <reporter-output>
          </reporter-output>
        </test-method> <!-- setUp -->
        <test-method signature="testInputFormSubmit()[pri:3, instance:seleniumPKG.mac_Edge_Selenium@7817fd62]" started-at="2025-01-29T17:40:26 IST" name="testInputFormSubmit" finished-at="2025-01-29T17:40:30 IST" duration-ms="4176" status="FAIL">
          <exception class="java.lang.AssertionError">
            <message>
              <![CDATA[expected [Please fill out this field.] but found [Please fill in this field.]]]>
            </message>
            <full-stacktrace>
              <![CDATA[java.lang.AssertionError: expected [Please fill out this field.] but found [Please fill in this field.]
at org.testng.Assert.fail(Assert.java:110)
at org.testng.Assert.failNotEquals(Assert.java:1577)
at org.testng.Assert.assertEqualsImpl(Assert.java:149)
at org.testng.Assert.assertEquals(Assert.java:131)
at org.testng.Assert.assertEquals(Assert.java:655)
at org.testng.Assert.assertEquals(Assert.java:665)
at seleniumPKG.mac_Edge_Selenium.testInputFormSubmit(mac_Edge_Selenium.java:112)
at java.base/jdk.internal.reflect.DirectMethodHandleAccessor.invoke(DirectMethodHandleAccessor.java:103)
at java.base/java.lang.reflect.Method.invoke(Method.java:580)
at org.testng.internal.invokers.MethodInvocationHelper.invokeMethod(MethodInvocationHelper.java:139)
at org.testng.internal.invokers.InvokeMethodRunnable.runOne(InvokeMethodRunnable.java:47)
at org.testng.internal.invokers.InvokeMethodRunnable.call(InvokeMethodRunnable.java:76)
at org.testng.internal.invokers.InvokeMethodRunnable.call(InvokeMethodRunnable.java:11)
at java.base/java.util.concurrent.FutureTask.run(FutureTask.java:317)
at java.base/java.util.concurrent.ThreadPoolExecutor.runWorker(ThreadPoolExecutor.java:1144)
at java.base/java.util.concurrent.ThreadPoolExecutor$Worker.run(ThreadPoolExecutor.java:642)
at java.base/java.lang.Thread.run(Thread.java:1575)
]]>
            </full-stacktrace>
          </exception> <!-- java.lang.AssertionError -->
          <reporter-output>
          </reporter-output>
        </test-method> <!-- testInputFormSubmit -->
        <test-method is-config="true" signature="tearDown()[pri:0, instance:seleniumPKG.mac_Edge_Selenium@7817fd62]" started-at="2025-01-29T17:40:30 IST" name="tearDown" finished-at="2025-01-29T17:40:30 IST" duration-ms="192" status="PASS">
          <reporter-output>
          </reporter-output>
        </test-method> <!-- tearDown -->
      </class> <!-- seleniumPKG.mac_Edge_Selenium -->
    </test> <!-- Edge on macOS Ventura -->
    <test started-at="2025-01-29T17:38:49 IST" name="Chrome on Windows 10" finished-at="2025-01-29T17:41:21 IST" duration-ms="152162">
      <class name="seleniumPKG.window_10_Chrome_Selenium">
        <test-method is-config="true" signature="setUp(java.lang.String,java.lang.String,java.lang.String,java.lang.String)[pri:0, instance:seleniumPKG.window_10_Chrome_Selenium@5e0e82ae]" started-at="2025-01-29T17:38:49 IST" name="setUp" finished-at="2025-01-29T17:39:45 IST" duration-ms="56137" status="PASS">
          <params>
            <param index="0">
              <value>
                <![CDATA[128.0]]>
              </value>
            </param>
            <param index="1">
              <value>
                <![CDATA[Windows 10]]>
              </value>
            </param>
            <param index="2">
              <value>
                <![CDATA[pankaj.khade1012]]>
              </value>
            </param>
            <param index="3">
              <value>
                <![CDATA[J5StZCYr5nCJGQoqNJ6PEskJTQcN8SbCaePX1KyuVp7xmlfaOf]]>
              </value>
            </param>
          </params>
          <reporter-output>
          </reporter-output>
        </test-method> <!-- setUp -->
        <test-method signature="testSimpleFormDemo()[pri:1, instance:seleniumPKG.window_10_Chrome_Selenium@5e0e82ae]" started-at="2025-01-29T17:39:45 IST" name="testSimpleFormDemo" finished-at="2025-01-29T17:39:52 IST" duration-ms="6972" status="PASS">
          <reporter-output>
          </reporter-output>
        </test-method> <!-- testSimpleFormDemo -->
        <test-method is-config="true" signature="tearDown()[pri:0, instance:seleniumPKG.window_10_Chrome_Selenium@5e0e82ae]" started-at="2025-01-29T17:39:52 IST" name="tearDown" finished-at="2025-01-29T17:39:52 IST" duration-ms="128" status="PASS">
          <reporter-output>
          </reporter-output>
        </test-method> <!-- tearDown -->
        <test-method is-config="true" signature="setUp(java.lang.String,java.lang.String,java.lang.String,java.lang.String)[pri:0, instance:seleniumPKG.window_10_Chrome_Selenium@5e0e82ae]" started-at="2025-01-29T17:39:53 IST" name="setUp" finished-at="2025-01-29T17:40:46 IST" duration-ms="53258" status="PASS">
          <params>
            <param index="0">
              <value>
                <![CDATA[128.0]]>
              </value>
            </param>
            <param index="1">
              <value>
                <![CDATA[Windows 10]]>
              </value>
            </param>
            <param index="2">
              <value>
                <![CDATA[pankaj.khade1012]]>
              </value>
            </param>
            <param index="3">
              <value>
                <![CDATA[J5StZCYr5nCJGQoqNJ6PEskJTQcN8SbCaePX1KyuVp7xmlfaOf]]>
              </value>
            </param>
          </params>
          <reporter-output>
          </reporter-output>
        </test-method> <!-- setUp -->
        <test-method signature="testDragAndDropSlider()[pri:2, instance:seleniumPKG.window_10_Chrome_Selenium@5e0e82ae]" started-at="2025-01-29T17:40:46 IST" name="testDragAndDropSlider" finished-at="2025-01-29T17:40:51 IST" duration-ms="4996" status="PASS">
          <reporter-output>
          </reporter-output>
        </test-method> <!-- testDragAndDropSlider -->
        <test-method is-config="true" signature="tearDown()[pri:0, instance:seleniumPKG.window_10_Chrome_Selenium@5e0e82ae]" started-at="2025-01-29T17:40:51 IST" name="tearDown" finished-at="2025-01-29T17:40:51 IST" duration-ms="124" status="PASS">
          <reporter-output>
          </reporter-output>
        </test-method> <!-- tearDown -->
        <test-method is-config="true" signature="setUp(java.lang.String,java.lang.String,java.lang.String,java.lang.String)[pri:0, instance:seleniumPKG.window_10_Chrome_Selenium@5e0e82ae]" started-at="2025-01-29T17:40:51 IST" name="setUp" finished-at="2025-01-29T17:41:14 IST" duration-ms="22730" status="PASS">
          <params>
            <param index="0">
              <value>
                <![CDATA[128.0]]>
              </value>
            </param>
            <param index="1">
              <value>
                <![CDATA[Windows 10]]>
              </value>
            </param>
            <param index="2">
              <value>
                <![CDATA[pankaj.khade1012]]>
              </value>
            </param>
            <param index="3">
              <value>
                <![CDATA[J5StZCYr5nCJGQoqNJ6PEskJTQcN8SbCaePX1KyuVp7xmlfaOf]]>
              </value>
            </param>
          </params>
          <reporter-output>
          </reporter-output>
        </test-method> <!-- setUp -->
        <test-method signature="testInputFormSubmit()[pri:3, instance:seleniumPKG.window_10_Chrome_Selenium@5e0e82ae]" started-at="2025-01-29T17:41:14 IST" name="testInputFormSubmit" finished-at="2025-01-29T17:41:21 IST" duration-ms="7649" status="PASS">
          <reporter-output>
          </reporter-output>
        </test-method> <!-- testInputFormSubmit -->
        <test-method is-config="true" signature="tearDown()[pri:0, instance:seleniumPKG.window_10_Chrome_Selenium@5e0e82ae]" started-at="2025-01-29T17:41:21 IST" name="tearDown" finished-at="2025-01-29T17:41:21 IST" duration-ms="99" status="PASS">
          <reporter-output>
          </reporter-output>
        </test-method> <!-- tearDown -->
      </class> <!-- seleniumPKG.window_10_Chrome_Selenium -->
    </test> <!-- Chrome on Windows 10 -->
    <test started-at="2025-01-29T17:38:49 IST" name="Firefox on Windows 11" finished-at="2025-01-29T17:41:38 IST" duration-ms="169008">
      <class name="seleniumPKG.window_10_FFox_Selenium">
        <test-method is-config="true" signature="setUp(java.lang.String,java.lang.String,java.lang.String,java.lang.String)[pri:0, instance:seleniumPKG.window_10_FFox_Selenium@7770f470]" started-at="2025-01-29T17:38:49 IST" name="setUp" finished-at="2025-01-29T17:39:27 IST" duration-ms="37917" status="PASS">
          <params>
            <param index="0">
              <value>
                <![CDATA[latest]]>
              </value>
            </param>
            <param index="1">
              <value>
                <![CDATA[Windows 11]]>
              </value>
            </param>
            <param index="2">
              <value>
                <![CDATA[pankaj.khade1012]]>
              </value>
            </param>
            <param index="3">
              <value>
                <![CDATA[J5StZCYr5nCJGQoqNJ6PEskJTQcN8SbCaePX1KyuVp7xmlfaOf]]>
              </value>
            </param>
          </params>
          <reporter-output>
          </reporter-output>
        </test-method> <!-- setUp -->
        <test-method signature="testSimpleFormDemo()[pri:1, instance:seleniumPKG.window_10_FFox_Selenium@7770f470]" started-at="2025-01-29T17:39:27 IST" name="testSimpleFormDemo" finished-at="2025-01-29T17:39:41 IST" duration-ms="13819" status="PASS">
          <reporter-output>
          </reporter-output>
        </test-method> <!-- testSimpleFormDemo -->
        <test-method is-config="true" signature="tearDown()[pri:0, instance:seleniumPKG.window_10_FFox_Selenium@7770f470]" started-at="2025-01-29T17:39:41 IST" name="tearDown" finished-at="2025-01-29T17:39:43 IST" duration-ms="2254" status="PASS">
          <reporter-output>
          </reporter-output>
        </test-method> <!-- tearDown -->
        <test-method is-config="true" signature="setUp(java.lang.String,java.lang.String,java.lang.String,java.lang.String)[pri:0, instance:seleniumPKG.window_10_FFox_Selenium@7770f470]" started-at="2025-01-29T17:39:43 IST" name="setUp" finished-at="2025-01-29T17:40:25 IST" duration-ms="41290" status="PASS">
          <params>
            <param index="0">
              <value>
                <![CDATA[latest]]>
              </value>
            </param>
            <param index="1">
              <value>
                <![CDATA[Windows 11]]>
              </value>
            </param>
            <param index="2">
              <value>
                <![CDATA[pankaj.khade1012]]>
              </value>
            </param>
            <param index="3">
              <value>
                <![CDATA[J5StZCYr5nCJGQoqNJ6PEskJTQcN8SbCaePX1KyuVp7xmlfaOf]]>
              </value>
            </param>
          </params>
          <reporter-output>
          </reporter-output>
        </test-method> <!-- setUp -->
        <test-method signature="testDragAndDropSlider()[pri:2, instance:seleniumPKG.window_10_FFox_Selenium@7770f470]" started-at="2025-01-29T17:40:25 IST" name="testDragAndDropSlider" finished-at="2025-01-29T17:40:38 IST" duration-ms="13206" status="PASS">
          <reporter-output>
          </reporter-output>
        </test-method> <!-- testDragAndDropSlider -->
        <test-method is-config="true" signature="tearDown()[pri:0, instance:seleniumPKG.window_10_FFox_Selenium@7770f470]" started-at="2025-01-29T17:40:38 IST" name="tearDown" finished-at="2025-01-29T17:40:40 IST" duration-ms="1958" status="PASS">
          <reporter-output>
          </reporter-output>
        </test-method> <!-- tearDown -->
        <test-method is-config="true" signature="setUp(java.lang.String,java.lang.String,java.lang.String,java.lang.String)[pri:0, instance:seleniumPKG.window_10_FFox_Selenium@7770f470]" started-at="2025-01-29T17:40:40 IST" name="setUp" finished-at="2025-01-29T17:41:10 IST" duration-ms="30221" status="PASS">
          <params>
            <param index="0">
              <value>
                <![CDATA[latest]]>
              </value>
            </param>
            <param index="1">
              <value>
                <![CDATA[Windows 11]]>
              </value>
            </param>
            <param index="2">
              <value>
                <![CDATA[pankaj.khade1012]]>
              </value>
            </param>
            <param index="3">
              <value>
                <![CDATA[J5StZCYr5nCJGQoqNJ6PEskJTQcN8SbCaePX1KyuVp7xmlfaOf]]>
              </value>
            </param>
          </params>
          <reporter-output>
          </reporter-output>
        </test-method> <!-- setUp -->
        <test-method signature="testInputFormSubmit()[pri:3, instance:seleniumPKG.window_10_FFox_Selenium@7770f470]" started-at="2025-01-29T17:41:10 IST" name="testInputFormSubmit" finished-at="2025-01-29T17:41:36 IST" duration-ms="25715" status="PASS">
          <reporter-output>
          </reporter-output>
        </test-method> <!-- testInputFormSubmit -->
        <test-method is-config="true" signature="tearDown()[pri:0, instance:seleniumPKG.window_10_FFox_Selenium@7770f470]" started-at="2025-01-29T17:41:36 IST" name="tearDown" finished-at="2025-01-29T17:41:38 IST" duration-ms="2558" status="PASS">
          <reporter-output>
          </reporter-output>
        </test-method> <!-- tearDown -->
      </class> <!-- seleniumPKG.window_10_FFox_Selenium -->
    </test> <!-- Firefox on Windows 11 -->
    <test started-at="2025-01-29T17:38:49 IST" name="Internet Explorer on Windows 10" finished-at="2025-01-29T17:41:43 IST" duration-ms="174095">
      <class name="seleniumPKG.windows_10_IE_Selenium">
        <test-method is-config="true" signature="setUp(java.lang.String,java.lang.String,java.lang.String,java.lang.String)[pri:0, instance:seleniumPKG.windows_10_IE_Selenium@4c178a76]" started-at="2025-01-29T17:38:49 IST" name="setUp" finished-at="2025-01-29T17:40:08 IST" duration-ms="78913" status="PASS">
          <params>
            <param index="0">
              <value>
                <![CDATA[latest]]>
              </value>
            </param>
            <param index="1">
              <value>
                <![CDATA[Windows 10]]>
              </value>
            </param>
            <param index="2">
              <value>
                <![CDATA[pankaj.khade1012]]>
              </value>
            </param>
            <param index="3">
              <value>
                <![CDATA[J5StZCYr5nCJGQoqNJ6PEskJTQcN8SbCaePX1KyuVp7xmlfaOf]]>
              </value>
            </param>
          </params>
          <reporter-output>
          </reporter-output>
        </test-method> <!-- setUp -->
        <test-method signature="testSimpleFormDemo()[pri:1, instance:seleniumPKG.windows_10_IE_Selenium@4c178a76]" started-at="2025-01-29T17:40:08 IST" name="testSimpleFormDemo" finished-at="2025-01-29T17:40:15 IST" duration-ms="6894" status="FAIL">
          <exception class="java.lang.AssertionError">
            <message>
              <![CDATA[expected [Welcome to LambdaTest] but found []]]>
            </message>
            <full-stacktrace>
              <![CDATA[java.lang.AssertionError: expected [Welcome to LambdaTest] but found []
at org.testng.Assert.fail(Assert.java:110)
at org.testng.Assert.failNotEquals(Assert.java:1577)
at org.testng.Assert.assertEqualsImpl(Assert.java:149)
at org.testng.Assert.assertEquals(Assert.java:131)
at org.testng.Assert.assertEquals(Assert.java:655)
at org.testng.Assert.assertEquals(Assert.java:665)
at seleniumPKG.windows_10_IE_Selenium.testSimpleFormDemo(windows_10_IE_Selenium.java:76)
at java.base/jdk.internal.reflect.DirectMethodHandleAccessor.invoke(DirectMethodHandleAccessor.java:103)
at java.base/java.lang.reflect.Method.invoke(Method.java:580)
at org.testng.internal.invokers.MethodInvocationHelper.invokeMethod(MethodInvocationHelper.java:139)
at org.testng.internal.invokers.InvokeMethodRunnable.runOne(InvokeMethodRunnable.java:47)
at org.testng.internal.invokers.InvokeMethodRunnable.call(InvokeMethodRunnable.java:76)
at org.testng.internal.invokers.InvokeMethodRunnable.call(InvokeMethodRunnable.java:11)
at java.base/java.util.concurrent.FutureTask.run(FutureTask.java:317)
at java.base/java.util.concurrent.ThreadPoolExecutor.runWorker(ThreadPoolExecutor.java:1144)
at java.base/java.util.concurrent.ThreadPoolExecutor$Worker.run(ThreadPoolExecutor.java:642)
at java.base/java.lang.Thread.run(Thread.java:1575)
]]>
            </full-stacktrace>
          </exception> <!-- java.lang.AssertionError -->
          <reporter-output>
          </reporter-output>
        </test-method> <!-- testSimpleFormDemo -->
        <test-method is-config="true" signature="tearDown()[pri:0, instance:seleniumPKG.windows_10_IE_Selenium@4c178a76]" started-at="2025-01-29T17:40:15 IST" name="tearDown" finished-at="2025-01-29T17:40:15 IST" duration-ms="59" status="PASS">
          <reporter-output>
          </reporter-output>
        </test-method> <!-- tearDown -->
        <test-method is-config="true" signature="setUp(java.lang.String,java.lang.String,java.lang.String,java.lang.String)[pri:0, instance:seleniumPKG.windows_10_IE_Selenium@4c178a76]" started-at="2025-01-29T17:40:15 IST" name="setUp" finished-at="2025-01-29T17:40:57 IST" duration-ms="41887" status="PASS">
          <params>
            <param index="0">
              <value>
                <![CDATA[latest]]>
              </value>
            </param>
            <param index="1">
              <value>
                <![CDATA[Windows 10]]>
              </value>
            </param>
            <param index="2">
              <value>
                <![CDATA[pankaj.khade1012]]>
              </value>
            </param>
            <param index="3">
              <value>
                <![CDATA[J5StZCYr5nCJGQoqNJ6PEskJTQcN8SbCaePX1KyuVp7xmlfaOf]]>
              </value>
            </param>
          </params>
          <reporter-output>
          </reporter-output>
        </test-method> <!-- setUp -->
        <test-method signature="testDragAndDropSlider()[pri:2, instance:seleniumPKG.windows_10_IE_Selenium@4c178a76]" started-at="2025-01-29T17:40:57 IST" name="testDragAndDropSlider" finished-at="2025-01-29T17:41:03 IST" duration-ms="5727" status="FAIL">
          <exception class="java.lang.AssertionError">
            <message>
              <![CDATA[expected [95] but found [15]]]>
            </message>
            <full-stacktrace>
              <![CDATA[java.lang.AssertionError: expected [95] but found [15]
at org.testng.Assert.fail(Assert.java:110)
at org.testng.Assert.failNotEquals(Assert.java:1577)
at org.testng.Assert.assertEqualsImpl(Assert.java:149)
at org.testng.Assert.assertEquals(Assert.java:131)
at org.testng.Assert.assertEquals(Assert.java:655)
at org.testng.Assert.assertEquals(Assert.java:665)
at seleniumPKG.windows_10_IE_Selenium.testDragAndDropSlider(windows_10_IE_Selenium.java:92)
at java.base/jdk.internal.reflect.DirectMethodHandleAccessor.invoke(DirectMethodHandleAccessor.java:103)
at java.base/java.lang.reflect.Method.invoke(Method.java:580)
at org.testng.internal.invokers.MethodInvocationHelper.invokeMethod(MethodInvocationHelper.java:139)
at org.testng.internal.invokers.InvokeMethodRunnable.runOne(InvokeMethodRunnable.java:47)
at org.testng.internal.invokers.InvokeMethodRunnable.call(InvokeMethodRunnable.java:76)
at org.testng.internal.invokers.InvokeMethodRunnable.call(InvokeMethodRunnable.java:11)
at java.base/java.util.concurrent.FutureTask.run(FutureTask.java:317)
at java.base/java.util.concurrent.ThreadPoolExecutor.runWorker(ThreadPoolExecutor.java:1144)
at java.base/java.util.concurrent.ThreadPoolExecutor$Worker.run(ThreadPoolExecutor.java:642)
at java.base/java.lang.Thread.run(Thread.java:1575)
]]>
            </full-stacktrace>
          </exception> <!-- java.lang.AssertionError -->
          <reporter-output>
          </reporter-output>
        </test-method> <!-- testDragAndDropSlider -->
        <test-method is-config="true" signature="tearDown()[pri:0, instance:seleniumPKG.windows_10_IE_Selenium@4c178a76]" started-at="2025-01-29T17:41:03 IST" name="tearDown" finished-at="2025-01-29T17:41:03 IST" duration-ms="42" status="PASS">
          <reporter-output>
          </reporter-output>
        </test-method> <!-- tearDown -->
        <test-method is-config="true" signature="setUp(java.lang.String,java.lang.String,java.lang.String,java.lang.String)[pri:0, instance:seleniumPKG.windows_10_IE_Selenium@4c178a76]" started-at="2025-01-29T17:41:03 IST" name="setUp" finished-at="2025-01-29T17:41:37 IST" duration-ms="34223" status="PASS">
          <params>
            <param index="0">
              <value>
                <![CDATA[latest]]>
              </value>
            </param>
            <param index="1">
              <value>
                <![CDATA[Windows 10]]>
              </value>
            </param>
            <param index="2">
              <value>
                <![CDATA[pankaj.khade1012]]>
              </value>
            </param>
            <param index="3">
              <value>
                <![CDATA[J5StZCYr5nCJGQoqNJ6PEskJTQcN8SbCaePX1KyuVp7xmlfaOf]]>
              </value>
            </param>
          </params>
          <reporter-output>
          </reporter-output>
        </test-method> <!-- setUp -->
        <test-method signature="testInputFormSubmit()[pri:3, instance:seleniumPKG.windows_10_IE_Selenium@4c178a76]" started-at="2025-01-29T17:41:37 IST" name="testInputFormSubmit" finished-at="2025-01-29T17:41:43 IST" duration-ms="6220" status="FAIL">
          <exception class="java.lang.AssertionError">
            <message>
              <![CDATA[expected [Please fill out this field.] but found [This is a required field]]]>
            </message>
            <full-stacktrace>
              <![CDATA[java.lang.AssertionError: expected [Please fill out this field.] but found [This is a required field]
at org.testng.Assert.fail(Assert.java:110)
at org.testng.Assert.failNotEquals(Assert.java:1577)
at org.testng.Assert.assertEqualsImpl(Assert.java:149)
at org.testng.Assert.assertEquals(Assert.java:131)
at org.testng.Assert.assertEquals(Assert.java:655)
at org.testng.Assert.assertEquals(Assert.java:665)
at seleniumPKG.windows_10_IE_Selenium.testInputFormSubmit(windows_10_IE_Selenium.java:108)
at java.base/jdk.internal.reflect.DirectMethodHandleAccessor.invoke(DirectMethodHandleAccessor.java:103)
at java.base/java.lang.reflect.Method.invoke(Method.java:580)
at org.testng.internal.invokers.MethodInvocationHelper.invokeMethod(MethodInvocationHelper.java:139)
at org.testng.internal.invokers.InvokeMethodRunnable.runOne(InvokeMethodRunnable.java:47)
at org.testng.internal.invokers.InvokeMethodRunnable.call(InvokeMethodRunnable.java:76)
at org.testng.internal.invokers.InvokeMethodRunnable.call(InvokeMethodRunnable.java:11)
at java.base/java.util.concurrent.FutureTask.run(FutureTask.java:317)
at java.base/java.util.concurrent.ThreadPoolExecutor.runWorker(ThreadPoolExecutor.java:1144)
at java.base/java.util.concurrent.ThreadPoolExecutor$Worker.run(ThreadPoolExecutor.java:642)
at java.base/java.lang.Thread.run(Thread.java:1575)
]]>
            </full-stacktrace>
          </exception> <!-- java.lang.AssertionError -->
          <reporter-output>
          </reporter-output>
        </test-method> <!-- testInputFormSubmit -->
        <test-method is-config="true" signature="tearDown()[pri:0, instance:seleniumPKG.windows_10_IE_Selenium@4c178a76]" started-at="2025-01-29T17:41:43 IST" name="tearDown" finished-at="2025-01-29T17:41:43 IST" duration-ms="57" status="PASS">
          <reporter-output>
          </reporter-output>
        </test-method> <!-- tearDown -->
      </class> <!-- seleniumPKG.windows_10_IE_Selenium -->
    </test> <!-- Internet Explorer on Windows 10 -->
  </suite> <!-- LT_Selenium -->
</testng-results>
